v0.1.0:
    - Added changes.log so I can track what I'm changing before committing!
    
    - Added .gitignore
    - Added .flaskenv
    - Added flask, flask-wtf, flask-session dependencies (ofc)
    - Added base.html template
    - Added home.html template
    - Added styles.css, but won't be worked on until the future
    - Added app.py
    - Updated README.md with dependencies
    - Added DBML schema for future SQLite (probably next commit)
    - Added a TODO for myself...
    - In app.py, created the most basic home route!!

v0.2.0:
    - Moved database.py to database dir
    - Added app.db, tasks.sql 
    - Updated .gitignore to hide app.db

v1.0.0:
    - Added helpers.py with decorators @login_required and @logout_required
    - Added routes "/logout/" and "/login/"
    - Added login.html template
    - Added forms.py with LoginForm
    - Created macros.html, with field_errors() and create_field() macro for creating the errors in a form (im just lazy lol)

v1.0.1:
    - Added register.html
    - Added RegisterForm to forms.py
    - Added route "/register/"

v1.0.2:
    - Added @admin_only to helpers.py
    - Added error.html
    - Added an error handler

v2.0.0:
    - Added searchbar to base.html (using html form instead of wtforms because i think wtform would be overkill)
    - Added "/search/" route
    - Added search.html

v2.1.0:
    - Added admin-only "/add-products/" route
    - Added AddProductsForm to forms.py 
    - Updated DB so that prices are stored in cents